0 verbose cli /home/prayag/.nvm/versions/node/v21.1.0/bin/node /home/prayag/.nvm/versions/node/v21.1.0/bin/npm
1 info using npm@10.5.0
2 info using node@v21.1.0
3 timing npm:load:whichnode Completed in 2ms
4 timing config:load:defaults Completed in 2ms
5 timing config:load:file:/home/prayag/.nvm/versions/node/v21.1.0/lib/node_modules/npm/npmrc Completed in 0ms
6 timing config:load:builtin Completed in 0ms
7 timing config:load:cli Completed in 2ms
8 timing config:load:env Completed in 0ms
9 timing config:load:file:/home/prayag/www.prayagyadav.me/prismic-blog/.npmrc Completed in 0ms
10 timing config:load:project Completed in 2ms
11 timing config:load:file:/home/prayag/.npmrc Completed in 0ms
12 timing config:load:user Completed in 0ms
13 timing config:load:file:/home/prayag/.nvm/versions/node/v21.1.0/etc/npmrc Completed in 0ms
14 timing config:load:global Completed in 0ms
15 timing config:load:setEnvs Completed in 1ms
16 timing config:load Completed in 8ms
17 timing npm:load:configload Completed in 8ms
18 timing config:load:flatten Completed in 2ms
19 timing npm:load:mkdirpcache Completed in 0ms
20 timing npm:load:mkdirplogs Completed in 0ms
21 verbose title npm run build
22 verbose argv "run" "build" "-cache" "false"
23 timing npm:load:setTitle Completed in 0ms
24 timing npm:load:display Completed in 1ms
25 verbose logfile logs-max:10 dir:/home/prayag/www.prayagyadav.me/prismic-blog/false/_logs/2024-04-01T13_26_58_763Z-
26 verbose logfile /home/prayag/www.prayagyadav.me/prismic-blog/false/_logs/2024-04-01T13_26_58_763Z-debug-0.log
27 timing npm:load:logFile Completed in 4ms
28 timing npm:load:timers Completed in 0ms
29 timing npm:load:configScope Completed in 0ms
30 timing npm:load Completed in 23ms
31 silly logfile done cleaning log files
32 timing command:run Completed in 14213ms
33 verbose exit 1
34 timing npm Completed in 14257ms
35 verbose code 1
